Running SLURM prolog script on pink52.cluster.local
===============================================================================
Job started on Thu May  1 16:30:04 BST 2025
Job ID          : 7355118
Job name        : llama7b_quant
WorkDir         : /mainfs/lyceum/be1g21/LoftQ_Private/scripts/llama_scripts
Command         : /mainfs/lyceum/be1g21/LoftQ_Private/scripts/llama_scripts/quantize.sh
Partition       : lyceum
Num hosts       : 1
Num cores       : 16
Num of tasks    : 1
Hosts allocated : pink52
Job Output Follows ...
===============================================================================
slurmstepd-pink52: error: *** JOB 7355118 ON pink52 CANCELLED AT 2025-05-01T16:30:21 ***
==============================================================================
Running epilogue script on pink52.

Submit time  : 2025-05-01T16:29:33
Start time   : 2025-05-01T16:30:04
End time     : 2025-05-01T16:30:21
Elapsed time : 00:00:17 (Timelimit=2-00:00:00)

Job ID: 7355118
Cluster: i5
User/Group: be1g21/fp
State: CANCELLED (exit code 0)
Nodes: 1
Cores per node: 16
CPU Utilized: 00:00:01
CPU Efficiency: 0.37% of 00:04:32 core-walltime
Job Wall-clock time: 00:00:17
Memory Utilized: 2.54 MB
Memory Efficiency: 0.00% of 16.00 B

