Running SLURM prolog script on pink51.cluster.local
===============================================================================
Job started on Sat May  3 14:25:23 BST 2025
Job ID          : 7363999
Job name        : q_t_iridis.sh
WorkDir         : /mainfs/lyceum/cjm1n19/LoftQ/custom_loftq
Command         : ./scripts/q_t_iridis.sh
Partition       : lyceum
Num hosts       : 1
Num cores       : 16
Num of tasks    : 1
Hosts allocated : pink51
Job Output Follows ...
===============================================================================
[2025-05-03 14:26:41,325] [INFO] [real_accelerator.py:239:get_accelerator] Setting ds_accelerator to cuda (auto detect)
WARNING:root:Loading raw dataset
Using the latest cached version of the dataset since glue couldn't be found on the Hugging Face Hub
WARNING:datasets.load:Using the latest cached version of the dataset since glue couldn't be found on the Hugging Face Hub
Found the latest cached dataset configuration 'rte' at /scratch/cjm1n19/huggingface/datasets/glue/rte/0.0.0/bcdcba79d07bc864c1c254ccfcedcce55bcc9a8c (last modified on Wed Apr 30 14:04:39 2025).
WARNING:datasets.packaged_modules.cache.cache:Found the latest cached dataset configuration 'rte' at /scratch/cjm1n19/huggingface/datasets/glue/rte/0.0.0/bcdcba79d07bc864c1c254ccfcedcce55bcc9a8c (last modified on Wed Apr 30 14:04:39 2025).
WARNING:root:Loading base model
Some weights of DebertaV2ForSequenceClassification were not initialized from the model checkpoint at microsoft/deberta-v3-base and are newly initialized: ['classifier.bias', 'classifier.weight', 'pooler.dense.bias', 'pooler.dense.weight']
You should probably TRAIN this model on a down-stream task to be able to use it for predictions and inference.
WARNING:root:Quantizing model, this may take a while
WARNING:root:Saving quantized model
WARNING:root:Preparing to train model
WARNING:accelerate.utils.other:Detected kernel version 3.10.0, which is below the recommended minimum of 5.5.0; this can cause the process to hang. It is recommended to upgrade the kernel to the minimum version or higher.
Base - Total parameters: 184,423,682
Base - Trainable parameters: 184,423,682 (100.00%)
Converting query_proj layer with simulated quantization
Quantization begins
Tensor shapes: (L = torch.Size([1, 16]), weight = torch.Size([9216, 64, 1]))
performing safe broadcasting ... 
torch.Size([9216, 64])
Done

Quantization begins
Tensor shapes: (L = torch.Size([1, 16]), weight = torch.Size([9216, 64, 1]))
performing safe broadcasting ... 
torch.Size([9216, 64])
Done

Quantization begins
Tensor shapes: (L = torch.Size([1, 16]), weight = torch.Size([9216, 64, 1]))
performing safe broadcasting ... 
torch.Size([9216, 64])
Done

Quantization begins
Tensor shapes: (L = torch.Size([1, 16]), weight = torch.Size([9216, 64, 1]))
performing safe broadcasting ... 
torch.Size([9216, 64])
Done

Quantization begins
Tensor shapes: (L = torch.Size([1, 16]), weight = torch.Size([9216, 64, 1]))
performing safe broadcasting ... 
torch.Size([9216, 64])
Done

Converting key_proj layer with simulated quantization
Quantization begins
Tensor shapes: (L = torch.Size([1, 16]), weight = torch.Size([9216, 64, 1]))
performing safe broadcasting ... 
torch.Size([9216, 64])
Done

Quantization begins
Tensor shapes: (L = torch.Size([1, 16]), weight = torch.Size([9216, 64, 1]))
performing safe broadcasting ... 
torch.Size([9216, 64])
Done

Quantization begins
Tensor shapes: (L = torch.Size([1, 16]), weight = torch.Size([9216, 64, 1]))
performing safe broadcasting ... 
torch.Size([9216, 64])
Done

Quantization begins
Tensor shapes: (L = torch.Size([1, 16]), weight = torch.Size([9216, 64, 1]))
performing safe broadcasting ... 
torch.Size([9216, 64])
Done

Quantization begins
Tensor shapes: (L = torch.Size([1, 16]), weight = torch.Size([9216, 64, 1]))
performing safe broadcasting ... 
torch.Size([9216, 64])
Done

Converting value_proj layer with simulated quantization
Quantization begins
Tensor shapes: (L = torch.Size([1, 16]), weight = torch.Size([9216, 64, 1]))
performing safe broadcasting ... 
torch.Size([9216, 64])
Done

Quantization begins
Tensor shapes: (L = torch.Size([1, 16]), weight = torch.Size([9216, 64, 1]))
performing safe broadcasting ... 
torch.Size([9216, 64])
Done

Quantization begins
Tensor shapes: (L = torch.Size([1, 16]), weight = torch.Size([9216, 64, 1]))
performing safe broadcasting ... 
torch.Size([9216, 64])
Done

Quantization begins
Tensor shapes: (L = torch.Size([1, 16]), weight = torch.Size([9216, 64, 1]))
performing safe broadcasting ... 
torch.Size([9216, 64])
Done

Quantization begins
Tensor shapes: (L = torch.Size([1, 16]), weight = torch.Size([9216, 64, 1]))
performing safe broadcasting ... 
torch.Size([9216, 64])
Done

Converting dense layer with simulated quantization
Quantization begins
Tensor shapes: (L = torch.Size([1, 16]), weight = torch.Size([9216, 64, 1]))
performing safe broadcasting ... 
torch.Size([9216, 64])
Done

Quantization begins
Tensor shapes: (L = torch.Size([1, 16]), weight = torch.Size([9216, 64, 1]))
performing safe broadcasting ... 
torch.Size([9216, 64])
Done

Quantization begins
Tensor shapes: (L = torch.Size([1, 16]), weight = torch.Size([9216, 64, 1]))
performing safe broadcasting ... 
torch.Size([9216, 64])
Done

Quantization begins
Tensor shapes: (L = torch.Size([1, 16]), weight = torch.Size([9216, 64, 1]))
performing safe broadcasting ... 
torch.Size([9216, 64])
Done

Quantization begins
Tensor shapes: (L = torch.Size([1, 16]), weight = torch.Size([9216, 64, 1]))
performing safe broadcasting ... 
torch.Size([9216, 64])
Done

Converting dense layer with simulated quantization
Quantization begins
Tensor shapes: (L = torch.Size([1, 16]), weight = torch.Size([36864, 64, 1]))
performing safe broadcasting ... 
torch.Size([36864, 64])
Done

Quantization begins
Tensor shapes: (L = torch.Size([1, 16]), weight = torch.Size([36864, 64, 1]))
performing safe broadcasting ... 
torch.Size([36864, 64])
Done

Quantization begins
Tensor shapes: (L = torch.Size([1, 16]), weight = torch.Size([36864, 64, 1]))
performing safe broadcasting ... 
torch.Size([36864, 64])
Done

Quantization begins
Tensor shapes: (L = torch.Size([1, 16]), weight = torch.Size([36864, 64, 1]))
performing safe broadcasting ... 
torch.Size([36864, 64])
Done

Quantization begins
Tensor shapes: (L = torch.Size([1, 16]), weight = torch.Size([36864, 64, 1]))
performing safe broadcasting ... 
torch.Size([36864, 64])
Done

Converting dense layer with simulated quantization
Quantization begins
Tensor shapes: (L = torch.Size([1, 16]), weight = torch.Size([36864, 64, 1]))
performing safe broadcasting ... 
torch.Size([36864, 64])
Done

Quantization begins
Tensor shapes: (L = torch.Size([1, 16]), weight = torch.Size([36864, 64, 1]))
performing safe broadcasting ... 
torch.Size([36864, 64])
Done

Quantization begins
Tensor shapes: (L = torch.Size([1, 16]), weight = torch.Size([36864, 64, 1]))
performing safe broadcasting ... 
torch.Size([36864, 64])
Done

Quantization begins
Tensor shapes: (L = torch.Size([1, 16]), weight = torch.Size([36864, 64, 1]))
performing safe broadcasting ... 
torch.Size([36864, 64])
Done

Quantization begins
Tensor shapes: (L = torch.Size([1, 16]), weight = torch.Size([36864, 64, 1]))
performing safe broadcasting ... 
torch.Size([36864, 64])
Done

Converting query_proj layer with simulated quantization
Quantization begins
Tensor shapes: (L = torch.Size([1, 16]), weight = torch.Size([9216, 64, 1]))
performing safe broadcasting ... 
torch.Size([9216, 64])
Done

Quantization begins
Tensor shapes: (L = torch.Size([1, 16]), weight = torch.Size([9216, 64, 1]))
performing safe broadcasting ... 
torch.Size([9216, 64])
Done

Quantization begins
Tensor shapes: (L = torch.Size([1, 16]), weight = torch.Size([9216, 64, 1]))
performing safe broadcasting ... 
torch.Size([9216, 64])
Done

Quantization begins
Tensor shapes: (L = torch.Size([1, 16]), weight = torch.Size([9216, 64, 1]))
performing safe broadcasting ... 
torch.Size([9216, 64])
Done

Quantization begins
Tensor shapes: (L = torch.Size([1, 16]), weight = torch.Size([9216, 64, 1]))
performing safe broadcasting ... 
torch.Size([9216, 64])
Done

Converting key_proj layer with simulated quantization
Quantization begins
Tensor shapes: (L = torch.Size([1, 16]), weight = torch.Size([9216, 64, 1]))
performing safe broadcasting ... 
torch.Size([9216, 64])
Done

Quantization begins
Tensor shapes: (L = torch.Size([1, 16]), weight = torch.Size([9216, 64, 1]))
performing safe broadcasting ... 
torch.Size([9216, 64])
Done

Quantization begins
Tensor shapes: (L = torch.Size([1, 16]), weight = torch.Size([9216, 64, 1]))
performing safe broadcasting ... 
torch.Size([9216, 64])
Done

Quantization begins
Tensor shapes: (L = torch.Size([1, 16]), weight = torch.Size([9216, 64, 1]))
performing safe broadcasting ... 
torch.Size([9216, 64])
Done

Quantization begins
Tensor shapes: (L = torch.Size([1, 16]), weight = torch.Size([9216, 64, 1]))
performing safe broadcasting ... 
torch.Size([9216, 64])
Done

Converting value_proj layer with simulated quantization
Quantization begins
Tensor shapes: (L = torch.Size([1, 16]), weight = torch.Size([9216, 64, 1]))
performing safe broadcasting ... 
torch.Size([9216, 64])
Done

Quantization begins
Tensor shapes: (L = torch.Size([1, 16]), weight = torch.Size([9216, 64, 1]))
performing safe broadcasting ... 
torch.Size([9216, 64])
Done

Quantization begins
Tensor shapes: (L = torch.Size([1, 16]), weight = torch.Size([9216, 64, 1]))
performing safe broadcasting ... 
torch.Size([9216, 64])
Done

Quantization begins
Tensor shapes: (L = torch.Size([1, 16]), weight = torch.Size([9216, 64, 1]))
performing safe broadcasting ... 
torch.Size([9216, 64])
Done

Quantization begins
Tensor shapes: (L = torch.Size([1, 16]), weight = torch.Size([9216, 64, 1]))
performing safe broadcasting ... 
torch.Size([9216, 64])
Done

Converting dense layer with simulated quantization
Quantization begins
Tensor shapes: (L = torch.Size([1, 16]), weight = torch.Size([9216, 64, 1]))
performing safe broadcasting ... 
torch.Size([9216, 64])
Done

Quantization begins
Tensor shapes: (L = torch.Size([1, 16]), weight = torch.Size([9216, 64, 1]))
performing safe broadcasting ... 
torch.Size([9216, 64])
Done

Quantization begins
Tensor shapes: (L = torch.Size([1, 16]), weight = torch.Size([9216, 64, 1]))
performing safe broadcasting ... 
torch.Size([9216, 64])
Done

Quantization begins
Tensor shapes: (L = torch.Size([1, 16]), weight = torch.Size([9216, 64, 1]))
performing safe broadcasting ... 
torch.Size([9216, 64])
Done

Quantization begins
Tensor shapes: (L = torch.Size([1, 16]), weight = torch.Size([9216, 64, 1]))
performing safe broadcasting ... 
torch.Size([9216, 64])
Done

Converting dense layer with simulated quantization
Quantization begins
Tensor shapes: (L = torch.Size([1, 16]), weight = torch.Size([36864, 64, 1]))
performing safe broadcasting ... 
torch.Size([36864, 64])
Done

Quantization begins
Tensor shapes: (L = torch.Size([1, 16]), weight = torch.Size([36864, 64, 1]))
performing safe broadcasting ... 
torch.Size([36864, 64])
Done

Quantization begins
Tensor shapes: (L = torch.Size([1, 16]), weight = torch.Size([36864, 64, 1]))
performing safe broadcasting ... 
torch.Size([36864, 64])
Done

Quantization begins
Tensor shapes: (L = torch.Size([1, 16]), weight = torch.Size([36864, 64, 1]))
performing safe broadcasting ... 
torch.Size([36864, 64])
Done

Quantization begins
Tensor shapes: (L = torch.Size([1, 16]), weight = torch.Size([36864, 64, 1]))
performing safe broadcasting ... 
torch.Size([36864, 64])
Done

Converting dense layer with simulated quantization
Quantization begins
Tensor shapes: (L = torch.Size([1, 16]), weight = torch.Size([36864, 64, 1]))
performing safe broadcasting ... 
torch.Size([36864, 64])
Done

Quantization begins
Tensor shapes: (L = torch.Size([1, 16]), weight = torch.Size([36864, 64, 1]))
performing safe broadcasting ... 
torch.Size([36864, 64])
Done

Quantization begins
Tensor shapes: (L = torch.Size([1, 16]), weight = torch.Size([36864, 64, 1]))
performing safe broadcasting ... 
torch.Size([36864, 64])
Done

Quantization begins
Tensor shapes: (L = torch.Size([1, 16]), weight = torch.Size([36864, 64, 1]))
performing safe broadcasting ... 
torch.Size([36864, 64])
Done

Quantization begins
Tensor shapes: (L = torch.Size([1, 16]), weight = torch.Size([36864, 64, 1]))
performing safe broadcasting ... 
torch.Size([36864, 64])
Done

Converting query_proj layer with simulated quantization
Quantization begins
Tensor shapes: (L = torch.Size([1, 16]), weight = torch.Size([9216, 64, 1]))
performing safe broadcasting ... 
torch.Size([9216, 64])
Done

Quantization begins
Tensor shapes: (L = torch.Size([1, 16]), weight = torch.Size([9216, 64, 1]))
performing safe broadcasting ... 
torch.Size([9216, 64])
Done

Quantization begins
Tensor shapes: (L = torch.Size([1, 16]), weight = torch.Size([9216, 64, 1]))
performing safe broadcasting ... 
torch.Size([9216, 64])
Done

Quantization begins
Tensor shapes: (L = torch.Size([1, 16]), weight = torch.Size([9216, 64, 1]))
performing safe broadcasting ... 
torch.Size([9216, 64])
Done

Quantization begins
Tensor shapes: (L = torch.Size([1, 16]), weight = torch.Size([9216, 64, 1]))
performing safe broadcasting ... 
torch.Size([9216, 64])
Done

Converting key_proj layer with simulated quantization
Quantization begins
Tensor shapes: (L = torch.Size([1, 16]), weight = torch.Size([9216, 64, 1]))
performing safe broadcasting ... 
torch.Size([9216, 64])
Done

Quantization begins
Tensor shapes: (L = torch.Size([1, 16]), weight = torch.Size([9216, 64, 1]))
performing safe broadcasting ... 
torch.Size([9216, 64])
Done

Quantization begins
Tensor shapes: (L = torch.Size([1, 16]), weight = torch.Size([9216, 64, 1]))
performing safe broadcasting ... 
torch.Size([9216, 64])
Done

Quantization begins
Tensor shapes: (L = torch.Size([1, 16]), weight = torch.Size([9216, 64, 1]))
performing safe broadcasting ... 
torch.Size([9216, 64])
Done

Quantization begins
Tensor shapes: (L = torch.Size([1, 16]), weight = torch.Size([9216, 64, 1]))
performing safe broadcasting ... 
torch.Size([9216, 64])
Done

Converting value_proj layer with simulated quantization
Quantization begins
Tensor shapes: (L = torch.Size([1, 16]), weight = torch.Size([9216, 64, 1]))
performing safe broadcasting ... 
torch.Size([9216, 64])
Done

Quantization begins
Tensor shapes: (L = torch.Size([1, 16]), weight = torch.Size([9216, 64, 1]))
performing safe broadcasting ... 
torch.Size([9216, 64])
Done

Quantization begins
Tensor shapes: (L = torch.Size([1, 16]), weight = torch.Size([9216, 64, 1]))
performing safe broadcasting ... 
torch.Size([9216, 64])
Done

Quantization begins
Tensor shapes: (L = torch.Size([1, 16]), weight = torch.Size([9216, 64, 1]))
performing safe broadcasting ... 
torch.Size([9216, 64])
Done

Quantization begins
Tensor shapes: (L = torch.Size([1, 16]), weight = torch.Size([9216, 64, 1]))
performing safe broadcasting ... 
torch.Size([9216, 64])
Done

Converting dense layer with simulated quantization
Quantization begins
Tensor shapes: (L = torch.Size([1, 16]), weight = torch.Size([9216, 64, 1]))
performing safe broadcasting ... 
torch.Size([9216, 64])
Done

Quantization begins
Tensor shapes: (L = torch.Size([1, 16]), weight = torch.Size([9216, 64, 1]))
performing safe broadcasting ... 
torch.Size([9216, 64])
Done

Quantization begins
Tensor shapes: (L = torch.Size([1, 16]), weight = torch.Size([9216, 64, 1]))
performing safe broadcasting ... 
torch.Size([9216, 64])
Done

Quantization begins
Tensor shapes: (L = torch.Size([1, 16]), weight = torch.Size([9216, 64, 1]))
performing safe broadcasting ... 
torch.Size([9216, 64])
Done

Quantization begins
Tensor shapes: (L = torch.Size([1, 16]), weight = torch.Size([9216, 64, 1]))
performing safe broadcasting ... 
torch.Size([9216, 64])
Done

Converting dense layer with simulated quantization
Quantization begins
Tensor shapes: (L = torch.Size([1, 16]), weight = torch.Size([36864, 64, 1]))
performing safe broadcasting ... 
torch.Size([36864, 64])
Done

Quantization begins
Tensor shapes: (L = torch.Size([1, 16]), weight = torch.Size([36864, 64, 1]))
performing safe broadcasting ... 
torch.Size([36864, 64])
Done

Quantization begins
Tensor shapes: (L = torch.Size([1, 16]), weight = torch.Size([36864, 64, 1]))
performing safe broadcasting ... 
torch.Size([36864, 64])
Done

Quantization begins
Tensor shapes: (L = torch.Size([1, 16]), weight = torch.Size([36864, 64, 1]))
performing safe broadcasting ... 
torch.Size([36864, 64])
Done

Quantization begins
Tensor shapes: (L = torch.Size([1, 16]), weight = torch.Size([36864, 64, 1]))
performing safe broadcasting ... 
torch.Size([36864, 64])
Done

Converting dense layer with simulated quantization
Quantization begins
Tensor shapes: (L = torch.Size([1, 16]), weight = torch.Size([36864, 64, 1]))
performing safe broadcasting ... 
torch.Size([36864, 64])
Done

Quantization begins
Tensor shapes: (L = torch.Size([1, 16]), weight = torch.Size([36864, 64, 1]))
performing safe broadcasting ... 
torch.Size([36864, 64])
Done

Quantization begins
Tensor shapes: (L = torch.Size([1, 16]), weight = torch.Size([36864, 64, 1]))
performing safe broadcasting ... 
torch.Size([36864, 64])
Done

Quantization begins
Tensor shapes: (L = torch.Size([1, 16]), weight = torch.Size([36864, 64, 1]))
performing safe broadcasting ... 
torch.Size([36864, 64])
Done

Quantization begins
Tensor shapes: (L = torch.Size([1, 16]), weight = torch.Size([36864, 64, 1]))
performing safe broadcasting ... 
torch.Size([36864, 64])
Done

Converting query_proj layer with simulated quantization
Quantization begins
Tensor shapes: (L = torch.Size([1, 16]), weight = torch.Size([9216, 64, 1]))
performing safe broadcasting ... 
torch.Size([9216, 64])
Done

Quantization begins
Tensor shapes: (L = torch.Size([1, 16]), weight = torch.Size([9216, 64, 1]))
performing safe broadcasting ... 
torch.Size([9216, 64])
Done

Quantization begins
Tensor shapes: (L = torch.Size([1, 16]), weight = torch.Size([9216, 64, 1]))
performing safe broadcasting ... 
torch.Size([9216, 64])
Done

Quantization begins
Tensor shapes: (L = torch.Size([1, 16]), weight = torch.Size([9216, 64, 1]))
performing safe broadcasting ... 
torch.Size([9216, 64])
Done

Quantization begins
Tensor shapes: (L = torch.Size([1, 16]), weight = torch.Size([9216, 64, 1]))
performing safe broadcasting ... 
torch.Size([9216, 64])
Done

Converting key_proj layer with simulated quantization
Quantization begins
Tensor shapes: (L = torch.Size([1, 16]), weight = torch.Size([9216, 64, 1]))
performing safe broadcasting ... 
torch.Size([9216, 64])
Done

Quantization begins
Tensor shapes: (L = torch.Size([1, 16]), weight = torch.Size([9216, 64, 1]))
performing safe broadcasting ... 
torch.Size([9216, 64])
Done

Quantization begins
Tensor shapes: (L = torch.Size([1, 16]), weight = torch.Size([9216, 64, 1]))
performing safe broadcasting ... 
torch.Size([9216, 64])
Done

Quantization begins
Tensor shapes: (L = torch.Size([1, 16]), weight = torch.Size([9216, 64, 1]))
performing safe broadcasting ... 
torch.Size([9216, 64])
Done

Quantization begins
Tensor shapes: (L = torch.Size([1, 16]), weight = torch.Size([9216, 64, 1]))
performing safe broadcasting ... 
torch.Size([9216, 64])
Done

Converting value_proj layer with simulated quantization
Quantization begins
Tensor shapes: (L = torch.Size([1, 16]), weight = torch.Size([9216, 64, 1]))
performing safe broadcasting ... 
torch.Size([9216, 64])
Done

Quantization begins
Tensor shapes: (L = torch.Size([1, 16]), weight = torch.Size([9216, 64, 1]))
performing safe broadcasting ... 
torch.Size([9216, 64])
Done

Quantization begins
Tensor shapes: (L = torch.Size([1, 16]), weight = torch.Size([9216, 64, 1]))
performing safe broadcasting ... 
torch.Size([9216, 64])
Done

Quantization begins
Tensor shapes: (L = torch.Size([1, 16]), weight = torch.Size([9216, 64, 1]))
performing safe broadcasting ... 
torch.Size([9216, 64])
Done

Quantization begins
Tensor shapes: (L = torch.Size([1, 16]), weight = torch.Size([9216, 64, 1]))
performing safe broadcasting ... 
torch.Size([9216, 64])
Done

Converting dense layer with simulated quantization
Quantization begins
Tensor shapes: (L = torch.Size([1, 16]), weight = torch.Size([9216, 64, 1]))
performing safe broadcasting ... 
torch.Size([9216, 64])
Done

Quantization begins
Tensor shapes: (L = torch.Size([1, 16]), weight = torch.Size([9216, 64, 1]))
performing safe broadcasting ... 
torch.Size([9216, 64])
Done

Quantization begins
Tensor shapes: (L = torch.Size([1, 16]), weight = torch.Size([9216, 64, 1]))
performing safe broadcasting ... 
torch.Size([9216, 64])
Done

Quantization begins
Tensor shapes: (L = torch.Size([1, 16]), weight = torch.Size([9216, 64, 1]))
performing safe broadcasting ... 
torch.Size([9216, 64])
Done

Quantization begins
Tensor shapes: (L = torch.Size([1, 16]), weight = torch.Size([9216, 64, 1]))
performing safe broadcasting ... 
torch.Size([9216, 64])
Done

Converting dense layer with simulated quantization
Quantization begins
Tensor shapes: (L = torch.Size([1, 16]), weight = torch.Size([36864, 64, 1]))
performing safe broadcasting ... 
torch.Size([36864, 64])
Done

Quantization begins
Tensor shapes: (L = torch.Size([1, 16]), weight = torch.Size([36864, 64, 1]))
performing safe broadcasting ... 
torch.Size([36864, 64])
Done

Quantization begins
Tensor shapes: (L = torch.Size([1, 16]), weight = torch.Size([36864, 64, 1]))
performing safe broadcasting ... 
torch.Size([36864, 64])
Done

Quantization begins
Tensor shapes: (L = torch.Size([1, 16]), weight = torch.Size([36864, 64, 1]))
performing safe broadcasting ... 
torch.Size([36864, 64])
Done

Quantization begins
Tensor shapes: (L = torch.Size([1, 16]), weight = torch.Size([36864, 64, 1]))
performing safe broadcasting ... 
torch.Size([36864, 64])
Done

Converting dense layer with simulated quantization
Quantization begins
Tensor shapes: (L = torch.Size([1, 16]), weight = torch.Size([36864, 64, 1]))
performing safe broadcasting ... 
torch.Size([36864, 64])
Done

Quantization begins
Tensor shapes: (L = torch.Size([1, 16]), weight = torch.Size([36864, 64, 1]))
performing safe broadcasting ... 
torch.Size([36864, 64])
Done

Quantization begins
Tensor shapes: (L = torch.Size([1, 16]), weight = torch.Size([36864, 64, 1]))
performing safe broadcasting ... 
torch.Size([36864, 64])
Done

Quantization begins
Tensor shapes: (L = torch.Size([1, 16]), weight = torch.Size([36864, 64, 1]))
performing safe broadcasting ... 
torch.Size([36864, 64])
Done

Quantization begins
Tensor shapes: (L = torch.Size([1, 16]), weight = torch.Size([36864, 64, 1]))
performing safe broadcasting ... 
torch.Size([36864, 64])
Done

Converting query_proj layer with simulated quantization
Quantization begins
Tensor shapes: (L = torch.Size([1, 16]), weight = torch.Size([9216, 64, 1]))
performing safe broadcasting ... 
torch.Size([9216, 64])
Done

Quantization begins
Tensor shapes: (L = torch.Size([1, 16]), weight = torch.Size([9216, 64, 1]))
performing safe broadcasting ... 
torch.Size([9216, 64])
Done

Quantization begins
Tensor shapes: (L = torch.Size([1, 16]), weight = torch.Size([9216, 64, 1]))
performing safe broadcasting ... 
torch.Size([9216, 64])
Done

Quantization begins
Tensor shapes: (L = torch.Size([1, 16]), weight = torch.Size([9216, 64, 1]))
performing safe broadcasting ... 
torch.Size([9216, 64])
Done

Quantization begins
Tensor shapes: (L = torch.Size([1, 16]), weight = torch.Size([9216, 64, 1]))
performing safe broadcasting ... 
torch.Size([9216, 64])
Done

Converting key_proj layer with simulated quantization
Quantization begins
Tensor shapes: (L = torch.Size([1, 16]), weight = torch.Size([9216, 64, 1]))
performing safe broadcasting ... 
torch.Size([9216, 64])
Done

Quantization begins
Tensor shapes: (L = torch.Size([1, 16]), weight = torch.Size([9216, 64, 1]))
performing safe broadcasting ... 
torch.Size([9216, 64])
Done

Quantization begins
Tensor shapes: (L = torch.Size([1, 16]), weight = torch.Size([9216, 64, 1]))
performing safe broadcasting ... 
torch.Size([9216, 64])
Done

Quantization begins
Tensor shapes: (L = torch.Size([1, 16]), weight = torch.Size([9216, 64, 1]))
performing safe broadcasting ... 
torch.Size([9216, 64])
Done

Quantization begins
Tensor shapes: (L = torch.Size([1, 16]), weight = torch.Size([9216, 64, 1]))
performing safe broadcasting ... 
torch.Size([9216, 64])
Done

Converting value_proj layer with simulated quantization
Quantization begins
Tensor shapes: (L = torch.Size([1, 16]), weight = torch.Size([9216, 64, 1]))
performing safe broadcasting ... 
torch.Size([9216, 64])
Done

Quantization begins
Tensor shapes: (L = torch.Size([1, 16]), weight = torch.Size([9216, 64, 1]))
performing safe broadcasting ... 
torch.Size([9216, 64])
Done

Quantization begins
Tensor shapes: (L = torch.Size([1, 16]), weight = torch.Size([9216, 64, 1]))
performing safe broadcasting ... 
torch.Size([9216, 64])
Done

Quantization begins
Tensor shapes: (L = torch.Size([1, 16]), weight = torch.Size([9216, 64, 1]))
performing safe broadcasting ... 
torch.Size([9216, 64])
Done

Quantization begins
Tensor shapes: (L = torch.Size([1, 16]), weight = torch.Size([9216, 64, 1]))
performing safe broadcasting ... 
torch.Size([9216, 64])
Done

Converting dense layer with simulated quantization
Quantization begins
Tensor shapes: (L = torch.Size([1, 16]), weight = torch.Size([9216, 64, 1]))
performing safe broadcasting ... 
torch.Size([9216, 64])
Done

Quantization begins
Tensor shapes: (L = torch.Size([1, 16]), weight = torch.Size([9216, 64, 1]))
performing safe broadcasting ... 
torch.Size([9216, 64])
Done

Quantization begins
Tensor shapes: (L = torch.Size([1, 16]), weight = torch.Size([9216, 64, 1]))
performing safe broadcasting ... 
torch.Size([9216, 64])
Done

Quantization begins
Tensor shapes: (L = torch.Size([1, 16]), weight = torch.Size([9216, 64, 1]))
performing safe broadcasting ... 
torch.Size([9216, 64])
Done

Quantization begins
Tensor shapes: (L = torch.Size([1, 16]), weight = torch.Size([9216, 64, 1]))
performing safe broadcasting ... 
torch.Size([9216, 64])
Done

Converting dense layer with simulated quantization
Quantization begins
Tensor shapes: (L = torch.Size([1, 16]), weight = torch.Size([36864, 64, 1]))
performing safe broadcasting ... 
torch.Size([36864, 64])
Done

Quantization begins
Tensor shapes: (L = torch.Size([1, 16]), weight = torch.Size([36864, 64, 1]))
performing safe broadcasting ... 
torch.Size([36864, 64])
Done

Quantization begins
Tensor shapes: (L = torch.Size([1, 16]), weight = torch.Size([36864, 64, 1]))
performing safe broadcasting ... 
torch.Size([36864, 64])
Done

Quantization begins
Tensor shapes: (L = torch.Size([1, 16]), weight = torch.Size([36864, 64, 1]))
performing safe broadcasting ... 
torch.Size([36864, 64])
Done

Quantization begins
Tensor shapes: (L = torch.Size([1, 16]), weight = torch.Size([36864, 64, 1]))
performing safe broadcasting ... 
torch.Size([36864, 64])
Done

Converting dense layer with simulated quantization
Quantization begins
Tensor shapes: (L = torch.Size([1, 16]), weight = torch.Size([36864, 64, 1]))
performing safe broadcasting ... 
torch.Size([36864, 64])
Done

Quantization begins
Tensor shapes: (L = torch.Size([1, 16]), weight = torch.Size([36864, 64, 1]))
performing safe broadcasting ... 
torch.Size([36864, 64])
Done

Quantization begins
Tensor shapes: (L = torch.Size([1, 16]), weight = torch.Size([36864, 64, 1]))
performing safe broadcasting ... 
torch.Size([36864, 64])
Done

Quantization begins
Tensor shapes: (L = torch.Size([1, 16]), weight = torch.Size([36864, 64, 1]))
performing safe broadcasting ... 
torch.Size([36864, 64])
Done

Quantization begins
Tensor shapes: (L = torch.Size([1, 16]), weight = torch.Size([36864, 64, 1]))
performing safe broadcasting ... 
torch.Size([36864, 64])
Done

Converting query_proj layer with simulated quantization
Quantization begins
Tensor shapes: (L = torch.Size([1, 16]), weight = torch.Size([9216, 64, 1]))
performing safe broadcasting ... 
torch.Size([9216, 64])
Done

Quantization begins
Tensor shapes: (L = torch.Size([1, 16]), weight = torch.Size([9216, 64, 1]))
performing safe broadcasting ... 
torch.Size([9216, 64])
Done

Quantization begins
Tensor shapes: (L = torch.Size([1, 16]), weight = torch.Size([9216, 64, 1]))
performing safe broadcasting ... 
torch.Size([9216, 64])
Done

Quantization begins
Tensor shapes: (L = torch.Size([1, 16]), weight = torch.Size([9216, 64, 1]))
performing safe broadcasting ... 
torch.Size([9216, 64])
Done

Quantization begins
Tensor shapes: (L = torch.Size([1, 16]), weight = torch.Size([9216, 64, 1]))
performing safe broadcasting ... 
torch.Size([9216, 64])
Done

Converting key_proj layer with simulated quantization
Quantization begins
Tensor shapes: (L = torch.Size([1, 16]), weight = torch.Size([9216, 64, 1]))
performing safe broadcasting ... 
torch.Size([9216, 64])
Done

Quantization begins
Tensor shapes: (L = torch.Size([1, 16]), weight = torch.Size([9216, 64, 1]))
performing safe broadcasting ... 
torch.Size([9216, 64])
Done

Quantization begins
Tensor shapes: (L = torch.Size([1, 16]), weight = torch.Size([9216, 64, 1]))
performing safe broadcasting ... 
torch.Size([9216, 64])
Done

Quantization begins
Tensor shapes: (L = torch.Size([1, 16]), weight = torch.Size([9216, 64, 1]))
performing safe broadcasting ... 
torch.Size([9216, 64])
Done

Quantization begins
Tensor shapes: (L = torch.Size([1, 16]), weight = torch.Size([9216, 64, 1]))
performing safe broadcasting ... 
torch.Size([9216, 64])
Done

Converting value_proj layer with simulated quantization
Quantization begins
Tensor shapes: (L = torch.Size([1, 16]), weight = torch.Size([9216, 64, 1]))
performing safe broadcasting ... 
torch.Size([9216, 64])
Done

Quantization begins
Tensor shapes: (L = torch.Size([1, 16]), weight = torch.Size([9216, 64, 1]))
performing safe broadcasting ... 
torch.Size([9216, 64])
Done

Quantization begins
Tensor shapes: (L = torch.Size([1, 16]), weight = torch.Size([9216, 64, 1]))
performing safe broadcasting ... 
torch.Size([9216, 64])
Done

Quantization begins
Tensor shapes: (L = torch.Size([1, 16]), weight = torch.Size([9216, 64, 1]))
performing safe broadcasting ... 
torch.Size([9216, 64])
Done

Quantization begins
Tensor shapes: (L = torch.Size([1, 16]), weight = torch.Size([9216, 64, 1]))
performing safe broadcasting ... 
torch.Size([9216, 64])
Done

Converting dense layer with simulated quantization
Quantization begins
Tensor shapes: (L = torch.Size([1, 16]), weight = torch.Size([9216, 64, 1]))
performing safe broadcasting ... 
torch.Size([9216, 64])
Done

Quantization begins
Tensor shapes: (L = torch.Size([1, 16]), weight = torch.Size([9216, 64, 1]))
performing safe broadcasting ... 
torch.Size([9216, 64])
Done

Quantization begins
Tensor shapes: (L = torch.Size([1, 16]), weight = torch.Size([9216, 64, 1]))
performing safe broadcasting ... 
torch.Size([9216, 64])
Done

Quantization begins
Tensor shapes: (L = torch.Size([1, 16]), weight = torch.Size([9216, 64, 1]))
performing safe broadcasting ... 
torch.Size([9216, 64])
Done

Quantization begins
Tensor shapes: (L = torch.Size([1, 16]), weight = torch.Size([9216, 64, 1]))
performing safe broadcasting ... 
torch.Size([9216, 64])
Done

Converting dense layer with simulated quantization
Quantization begins
Tensor shapes: (L = torch.Size([1, 16]), weight = torch.Size([36864, 64, 1]))
performing safe broadcasting ... 
torch.Size([36864, 64])
Done

Quantization begins
Tensor shapes: (L = torch.Size([1, 16]), weight = torch.Size([36864, 64, 1]))
performing safe broadcasting ... 
torch.Size([36864, 64])
Done

Quantization begins
Tensor shapes: (L = torch.Size([1, 16]), weight = torch.Size([36864, 64, 1]))
performing safe broadcasting ... 
torch.Size([36864, 64])
Done

Quantization begins
Tensor shapes: (L = torch.Size([1, 16]), weight = torch.Size([36864, 64, 1]))
performing safe broadcasting ... 
torch.Size([36864, 64])
Done

Quantization begins
Tensor shapes: (L = torch.Size([1, 16]), weight = torch.Size([36864, 64, 1]))
performing safe broadcasting ... 
torch.Size([36864, 64])
Done

Converting dense layer with simulated quantization
Quantization begins
Tensor shapes: (L = torch.Size([1, 16]), weight = torch.Size([36864, 64, 1]))
performing safe broadcasting ... 
torch.Size([36864, 64])
Done

Quantization begins
Tensor shapes: (L = torch.Size([1, 16]), weight = torch.Size([36864, 64, 1]))
performing safe broadcasting ... 
torch.Size([36864, 64])
Done

Quantization begins
Tensor shapes: (L = torch.Size([1, 16]), weight = torch.Size([36864, 64, 1]))
performing safe broadcasting ... 
torch.Size([36864, 64])
Done

Quantization begins
Tensor shapes: (L = torch.Size([1, 16]), weight = torch.Size([36864, 64, 1]))
performing safe broadcasting ... 
torch.Size([36864, 64])
Done

Quantization begins
Tensor shapes: (L = torch.Size([1, 16]), weight = torch.Size([36864, 64, 1]))
performing safe broadcasting ... 
torch.Size([36864, 64])
Done

Converting query_proj layer with simulated quantization
Quantization begins
Tensor shapes: (L = torch.Size([1, 16]), weight = torch.Size([9216, 64, 1]))
performing safe broadcasting ... 
torch.Size([9216, 64])
Done

Quantization begins
Tensor shapes: (L = torch.Size([1, 16]), weight = torch.Size([9216, 64, 1]))
performing safe broadcasting ... 
torch.Size([9216, 64])
Done

Quantization begins
Tensor shapes: (L = torch.Size([1, 16]), weight = torch.Size([9216, 64, 1]))
performing safe broadcasting ... 
torch.Size([9216, 64])
Done

Quantization begins
Tensor shapes: (L = torch.Size([1, 16]), weight = torch.Size([9216, 64, 1]))
performing safe broadcasting ... 
torch.Size([9216, 64])
Done

Quantization begins
Tensor shapes: (L = torch.Size([1, 16]), weight = torch.Size([9216, 64, 1]))
performing safe broadcasting ... 
torch.Size([9216, 64])
Done

Converting key_proj layer with simulated quantization
Quantization begins
Tensor shapes: (L = torch.Size([1, 16]), weight = torch.Size([9216, 64, 1]))
performing safe broadcasting ... 
torch.Size([9216, 64])
Done

Quantization begins
Tensor shapes: (L = torch.Size([1, 16]), weight = torch.Size([9216, 64, 1]))
performing safe broadcasting ... 
torch.Size([9216, 64])
Done

Quantization begins
Tensor shapes: (L = torch.Size([1, 16]), weight = torch.Size([9216, 64, 1]))
performing safe broadcasting ... 
torch.Size([9216, 64])
Done

Quantization begins
Tensor shapes: (L = torch.Size([1, 16]), weight = torch.Size([9216, 64, 1]))
performing safe broadcasting ... 
torch.Size([9216, 64])
Done

Quantization begins
Tensor shapes: (L = torch.Size([1, 16]), weight = torch.Size([9216, 64, 1]))
performing safe broadcasting ... 
torch.Size([9216, 64])
Done

Converting value_proj layer with simulated quantization
Quantization begins
Tensor shapes: (L = torch.Size([1, 16]), weight = torch.Size([9216, 64, 1]))
performing safe broadcasting ... 
torch.Size([9216, 64])
Done

Quantization begins
Tensor shapes: (L = torch.Size([1, 16]), weight = torch.Size([9216, 64, 1]))
performing safe broadcasting ... 
torch.Size([9216, 64])
Done

Quantization begins
Tensor shapes: (L = torch.Size([1, 16]), weight = torch.Size([9216, 64, 1]))
performing safe broadcasting ... 
torch.Size([9216, 64])
Done

Quantization begins
Tensor shapes: (L = torch.Size([1, 16]), weight = torch.Size([9216, 64, 1]))
performing safe broadcasting ... 
torch.Size([9216, 64])
Done

Quantization begins
Tensor shapes: (L = torch.Size([1, 16]), weight = torch.Size([9216, 64, 1]))
performing safe broadcasting ... 
torch.Size([9216, 64])
Done

Converting dense layer with simulated quantization
Quantization begins
Tensor shapes: (L = torch.Size([1, 16]), weight = torch.Size([9216, 64, 1]))
performing safe broadcasting ... 
torch.Size([9216, 64])
Done

Quantization begins
Tensor shapes: (L = torch.Size([1, 16]), weight = torch.Size([9216, 64, 1]))
performing safe broadcasting ... 
torch.Size([9216, 64])
Done

Quantization begins
Tensor shapes: (L = torch.Size([1, 16]), weight = torch.Size([9216, 64, 1]))
performing safe broadcasting ... 
torch.Size([9216, 64])
Done

Quantization begins
Tensor shapes: (L = torch.Size([1, 16]), weight = torch.Size([9216, 64, 1]))
performing safe broadcasting ... 
torch.Size([9216, 64])
Done

Quantization begins
Tensor shapes: (L = torch.Size([1, 16]), weight = torch.Size([9216, 64, 1]))
performing safe broadcasting ... 
torch.Size([9216, 64])
Done

Converting dense layer with simulated quantization
Quantization begins
Tensor shapes: (L = torch.Size([1, 16]), weight = torch.Size([36864, 64, 1]))
performing safe broadcasting ... 
torch.Size([36864, 64])
Done

Quantization begins
Tensor shapes: (L = torch.Size([1, 16]), weight = torch.Size([36864, 64, 1]))
performing safe broadcasting ... 
torch.Size([36864, 64])
Done

Quantization begins
Tensor shapes: (L = torch.Size([1, 16]), weight = torch.Size([36864, 64, 1]))
performing safe broadcasting ... 
torch.Size([36864, 64])
Done

Quantization begins
Tensor shapes: (L = torch.Size([1, 16]), weight = torch.Size([36864, 64, 1]))
performing safe broadcasting ... 
torch.Size([36864, 64])
Done

Quantization begins
Tensor shapes: (L = torch.Size([1, 16]), weight = torch.Size([36864, 64, 1]))
performing safe broadcasting ... 
torch.Size([36864, 64])
Done

Converting dense layer with simulated quantization
Quantization begins
Tensor shapes: (L = torch.Size([1, 16]), weight = torch.Size([36864, 64, 1]))
performing safe broadcasting ... 
torch.Size([36864, 64])
Done

Quantization begins
Tensor shapes: (L = torch.Size([1, 16]), weight = torch.Size([36864, 64, 1]))
performing safe broadcasting ... 
torch.Size([36864, 64])
Done

Quantization begins
Tensor shapes: (L = torch.Size([1, 16]), weight = torch.Size([36864, 64, 1]))
performing safe broadcasting ... 
torch.Size([36864, 64])
Done

Quantization begins
Tensor shapes: (L = torch.Size([1, 16]), weight = torch.Size([36864, 64, 1]))
performing safe broadcasting ... 
torch.Size([36864, 64])
Done

Quantization begins
Tensor shapes: (L = torch.Size([1, 16]), weight = torch.Size([36864, 64, 1]))
performing safe broadcasting ... 
torch.Size([36864, 64])
Done

Converting query_proj layer with simulated quantization
Quantization begins
Tensor shapes: (L = torch.Size([1, 16]), weight = torch.Size([9216, 64, 1]))
performing safe broadcasting ... 
torch.Size([9216, 64])
Done

Quantization begins
Tensor shapes: (L = torch.Size([1, 16]), weight = torch.Size([9216, 64, 1]))
performing safe broadcasting ... 
torch.Size([9216, 64])
Done

Quantization begins
Tensor shapes: (L = torch.Size([1, 16]), weight = torch.Size([9216, 64, 1]))
performing safe broadcasting ... 
torch.Size([9216, 64])
Done

Quantization begins
Tensor shapes: (L = torch.Size([1, 16]), weight = torch.Size([9216, 64, 1]))
performing safe broadcasting ... 
torch.Size([9216, 64])
Done

Quantization begins
Tensor shapes: (L = torch.Size([1, 16]), weight = torch.Size([9216, 64, 1]))
performing safe broadcasting ... 
torch.Size([9216, 64])
Done

Converting key_proj layer with simulated quantization
Quantization begins
Tensor shapes: (L = torch.Size([1, 16]), weight = torch.Size([9216, 64, 1]))
performing safe broadcasting ... 
torch.Size([9216, 64])
Done

Quantization begins
Tensor shapes: (L = torch.Size([1, 16]), weight = torch.Size([9216, 64, 1]))
performing safe broadcasting ... 
torch.Size([9216, 64])
Done

Quantization begins
Tensor shapes: (L = torch.Size([1, 16]), weight = torch.Size([9216, 64, 1]))
performing safe broadcasting ... 
torch.Size([9216, 64])
Done

Quantization begins
Tensor shapes: (L = torch.Size([1, 16]), weight = torch.Size([9216, 64, 1]))
performing safe broadcasting ... 
torch.Size([9216, 64])
Done

Quantization begins
Tensor shapes: (L = torch.Size([1, 16]), weight = torch.Size([9216, 64, 1]))
performing safe broadcasting ... 
torch.Size([9216, 64])
Done

Converting value_proj layer with simulated quantization
Quantization begins
Tensor shapes: (L = torch.Size([1, 16]), weight = torch.Size([9216, 64, 1]))
performing safe broadcasting ... 
torch.Size([9216, 64])
Done

Quantization begins
Tensor shapes: (L = torch.Size([1, 16]), weight = torch.Size([9216, 64, 1]))
performing safe broadcasting ... 
torch.Size([9216, 64])
Done

Quantization begins
Tensor shapes: (L = torch.Size([1, 16]), weight = torch.Size([9216, 64, 1]))
performing safe broadcasting ... 
torch.Size([9216, 64])
Done

Quantization begins
Tensor shapes: (L = torch.Size([1, 16]), weight = torch.Size([9216, 64, 1]))
performing safe broadcasting ... 
torch.Size([9216, 64])
Done

Quantization begins
Tensor shapes: (L = torch.Size([1, 16]), weight = torch.Size([9216, 64, 1]))
performing safe broadcasting ... 
torch.Size([9216, 64])
Done

Converting dense layer with simulated quantization
Quantization begins
Tensor shapes: (L = torch.Size([1, 16]), weight = torch.Size([9216, 64, 1]))
performing safe broadcasting ... 
torch.Size([9216, 64])
Done

Quantization begins
Tensor shapes: (L = torch.Size([1, 16]), weight = torch.Size([9216, 64, 1]))
performing safe broadcasting ... 
torch.Size([9216, 64])
Done

Quantization begins
Tensor shapes: (L = torch.Size([1, 16]), weight = torch.Size([9216, 64, 1]))
performing safe broadcasting ... 
torch.Size([9216, 64])
Done

Quantization begins
Tensor shapes: (L = torch.Size([1, 16]), weight = torch.Size([9216, 64, 1]))
performing safe broadcasting ... 
torch.Size([9216, 64])
Done

Quantization begins
Tensor shapes: (L = torch.Size([1, 16]), weight = torch.Size([9216, 64, 1]))
performing safe broadcasting ... 
torch.Size([9216, 64])
Done

Converting dense layer with simulated quantization
Quantization begins
Tensor shapes: (L = torch.Size([1, 16]), weight = torch.Size([36864, 64, 1]))
performing safe broadcasting ... 
torch.Size([36864, 64])
Done

Quantization begins
Tensor shapes: (L = torch.Size([1, 16]), weight = torch.Size([36864, 64, 1]))
performing safe broadcasting ... 
torch.Size([36864, 64])
Done

Quantization begins
Tensor shapes: (L = torch.Size([1, 16]), weight = torch.Size([36864, 64, 1]))
performing safe broadcasting ... 
torch.Size([36864, 64])
Done

Quantization begins
Tensor shapes: (L = torch.Size([1, 16]), weight = torch.Size([36864, 64, 1]))
performing safe broadcasting ... 
torch.Size([36864, 64])
Done

Quantization begins
Tensor shapes: (L = torch.Size([1, 16]), weight = torch.Size([36864, 64, 1]))
performing safe broadcasting ... 
torch.Size([36864, 64])
Done

Converting dense layer with simulated quantization
Quantization begins
Tensor shapes: (L = torch.Size([1, 16]), weight = torch.Size([36864, 64, 1]))
performing safe broadcasting ... 
torch.Size([36864, 64])
Done

Quantization begins
Tensor shapes: (L = torch.Size([1, 16]), weight = torch.Size([36864, 64, 1]))
performing safe broadcasting ... 
torch.Size([36864, 64])
Done

Quantization begins
Tensor shapes: (L = torch.Size([1, 16]), weight = torch.Size([36864, 64, 1]))
performing safe broadcasting ... 
torch.Size([36864, 64])
Done

Quantization begins
Tensor shapes: (L = torch.Size([1, 16]), weight = torch.Size([36864, 64, 1]))
performing safe broadcasting ... 
torch.Size([36864, 64])
Done

Quantization begins
Tensor shapes: (L = torch.Size([1, 16]), weight = torch.Size([36864, 64, 1]))
performing safe broadcasting ... 
torch.Size([36864, 64])
Done

Converting query_proj layer with simulated quantization
Quantization begins
Tensor shapes: (L = torch.Size([1, 16]), weight = torch.Size([9216, 64, 1]))
performing safe broadcasting ... 
torch.Size([9216, 64])
Done

Quantization begins
Tensor shapes: (L = torch.Size([1, 16]), weight = torch.Size([9216, 64, 1]))
performing safe broadcasting ... 
torch.Size([9216, 64])
Done

Quantization begins
Tensor shapes: (L = torch.Size([1, 16]), weight = torch.Size([9216, 64, 1]))
performing safe broadcasting ... 
torch.Size([9216, 64])
Done

Quantization begins
Tensor shapes: (L = torch.Size([1, 16]), weight = torch.Size([9216, 64, 1]))
performing safe broadcasting ... 
torch.Size([9216, 64])
Done

Quantization begins
Tensor shapes: (L = torch.Size([1, 16]), weight = torch.Size([9216, 64, 1]))
performing safe broadcasting ... 
torch.Size([9216, 64])
Done

Converting key_proj layer with simulated quantization
Quantization begins
Tensor shapes: (L = torch.Size([1, 16]), weight = torch.Size([9216, 64, 1]))
performing safe broadcasting ... 
torch.Size([9216, 64])
Done

Quantization begins
Tensor shapes: (L = torch.Size([1, 16]), weight = torch.Size([9216, 64, 1]))
performing safe broadcasting ... 
torch.Size([9216, 64])
Done

Quantization begins
Tensor shapes: (L = torch.Size([1, 16]), weight = torch.Size([9216, 64, 1]))
performing safe broadcasting ... 
torch.Size([9216, 64])
Done

Quantization begins
Tensor shapes: (L = torch.Size([1, 16]), weight = torch.Size([9216, 64, 1]))
performing safe broadcasting ... 
torch.Size([9216, 64])
Done

Quantization begins
Tensor shapes: (L = torch.Size([1, 16]), weight = torch.Size([9216, 64, 1]))
performing safe broadcasting ... 
torch.Size([9216, 64])
Done

Converting value_proj layer with simulated quantization
Quantization begins
Tensor shapes: (L = torch.Size([1, 16]), weight = torch.Size([9216, 64, 1]))
performing safe broadcasting ... 
torch.Size([9216, 64])
Done

Quantization begins
Tensor shapes: (L = torch.Size([1, 16]), weight = torch.Size([9216, 64, 1]))
performing safe broadcasting ... 
torch.Size([9216, 64])
Done

Quantization begins
Tensor shapes: (L = torch.Size([1, 16]), weight = torch.Size([9216, 64, 1]))
performing safe broadcasting ... 
torch.Size([9216, 64])
Done

Quantization begins
Tensor shapes: (L = torch.Size([1, 16]), weight = torch.Size([9216, 64, 1]))
performing safe broadcasting ... 
torch.Size([9216, 64])
Done

Quantization begins
Tensor shapes: (L = torch.Size([1, 16]), weight = torch.Size([9216, 64, 1]))
performing safe broadcasting ... 
torch.Size([9216, 64])
Done

Converting dense layer with simulated quantization
Quantization begins
Tensor shapes: (L = torch.Size([1, 16]), weight = torch.Size([9216, 64, 1]))
performing safe broadcasting ... 
torch.Size([9216, 64])
Done

Quantization begins
Tensor shapes: (L = torch.Size([1, 16]), weight = torch.Size([9216, 64, 1]))
performing safe broadcasting ... 
torch.Size([9216, 64])
Done

Quantization begins
Tensor shapes: (L = torch.Size([1, 16]), weight = torch.Size([9216, 64, 1]))
performing safe broadcasting ... 
torch.Size([9216, 64])
Done

Quantization begins
Tensor shapes: (L = torch.Size([1, 16]), weight = torch.Size([9216, 64, 1]))
performing safe broadcasting ... 
torch.Size([9216, 64])
Done

Quantization begins
Tensor shapes: (L = torch.Size([1, 16]), weight = torch.Size([9216, 64, 1]))
performing safe broadcasting ... 
torch.Size([9216, 64])
Done

Converting dense layer with simulated quantization
Quantization begins
Tensor shapes: (L = torch.Size([1, 16]), weight = torch.Size([36864, 64, 1]))
performing safe broadcasting ... 
torch.Size([36864, 64])
Done

Quantization begins
Tensor shapes: (L = torch.Size([1, 16]), weight = torch.Size([36864, 64, 1]))
performing safe broadcasting ... 
torch.Size([36864, 64])
Done

Quantization begins
Tensor shapes: (L = torch.Size([1, 16]), weight = torch.Size([36864, 64, 1]))
performing safe broadcasting ... 
torch.Size([36864, 64])
Done

Quantization begins
Tensor shapes: (L = torch.Size([1, 16]), weight = torch.Size([36864, 64, 1]))
performing safe broadcasting ... 
torch.Size([36864, 64])
Done

Quantization begins
Tensor shapes: (L = torch.Size([1, 16]), weight = torch.Size([36864, 64, 1]))
performing safe broadcasting ... 
torch.Size([36864, 64])
Done

Converting dense layer with simulated quantization
Quantization begins
Tensor shapes: (L = torch.Size([1, 16]), weight = torch.Size([36864, 64, 1]))
performing safe broadcasting ... 
torch.Size([36864, 64])
Done

Quantization begins
Tensor shapes: (L = torch.Size([1, 16]), weight = torch.Size([36864, 64, 1]))
performing safe broadcasting ... 
torch.Size([36864, 64])
Done

Quantization begins
Tensor shapes: (L = torch.Size([1, 16]), weight = torch.Size([36864, 64, 1]))
performing safe broadcasting ... 
torch.Size([36864, 64])
Done

Quantization begins
Tensor shapes: (L = torch.Size([1, 16]), weight = torch.Size([36864, 64, 1]))
performing safe broadcasting ... 
torch.Size([36864, 64])
Done

Quantization begins
Tensor shapes: (L = torch.Size([1, 16]), weight = torch.Size([36864, 64, 1]))
performing safe broadcasting ... 
torch.Size([36864, 64])
Done

Converting query_proj layer with simulated quantization
Quantization begins
Tensor shapes: (L = torch.Size([1, 16]), weight = torch.Size([9216, 64, 1]))
performing safe broadcasting ... 
torch.Size([9216, 64])
Done

Quantization begins
Tensor shapes: (L = torch.Size([1, 16]), weight = torch.Size([9216, 64, 1]))
performing safe broadcasting ... 
torch.Size([9216, 64])
Done

Quantization begins
Tensor shapes: (L = torch.Size([1, 16]), weight = torch.Size([9216, 64, 1]))
performing safe broadcasting ... 
torch.Size([9216, 64])
Done

Quantization begins
Tensor shapes: (L = torch.Size([1, 16]), weight = torch.Size([9216, 64, 1]))
performing safe broadcasting ... 
torch.Size([9216, 64])
Done

Quantization begins
Tensor shapes: (L = torch.Size([1, 16]), weight = torch.Size([9216, 64, 1]))
performing safe broadcasting ... 
torch.Size([9216, 64])
Done

Converting key_proj layer with simulated quantization
Quantization begins
Tensor shapes: (L = torch.Size([1, 16]), weight = torch.Size([9216, 64, 1]))
performing safe broadcasting ... 
torch.Size([9216, 64])
Done

Quantization begins
Tensor shapes: (L = torch.Size([1, 16]), weight = torch.Size([9216, 64, 1]))
performing safe broadcasting ... 
torch.Size([9216, 64])
Done

Quantization begins
Tensor shapes: (L = torch.Size([1, 16]), weight = torch.Size([9216, 64, 1]))
performing safe broadcasting ... 
torch.Size([9216, 64])
Done

Quantization begins
Tensor shapes: (L = torch.Size([1, 16]), weight = torch.Size([9216, 64, 1]))
performing safe broadcasting ... 
torch.Size([9216, 64])
Done

Quantization begins
Tensor shapes: (L = torch.Size([1, 16]), weight = torch.Size([9216, 64, 1]))
performing safe broadcasting ... 
torch.Size([9216, 64])
Done

Converting value_proj layer with simulated quantization
Quantization begins
Tensor shapes: (L = torch.Size([1, 16]), weight = torch.Size([9216, 64, 1]))
performing safe broadcasting ... 
torch.Size([9216, 64])
Done

Quantization begins
Tensor shapes: (L = torch.Size([1, 16]), weight = torch.Size([9216, 64, 1]))
performing safe broadcasting ... 
torch.Size([9216, 64])
Done

Quantization begins
Tensor shapes: (L = torch.Size([1, 16]), weight = torch.Size([9216, 64, 1]))
performing safe broadcasting ... 
torch.Size([9216, 64])
Done

Quantization begins
Tensor shapes: (L = torch.Size([1, 16]), weight = torch.Size([9216, 64, 1]))
performing safe broadcasting ... 
torch.Size([9216, 64])
Done

Quantization begins
Tensor shapes: (L = torch.Size([1, 16]), weight = torch.Size([9216, 64, 1]))
performing safe broadcasting ... 
torch.Size([9216, 64])
Done

Converting dense layer with simulated quantization
Quantization begins
Tensor shapes: (L = torch.Size([1, 16]), weight = torch.Size([9216, 64, 1]))
performing safe broadcasting ... 
torch.Size([9216, 64])
Done

Quantization begins
Tensor shapes: (L = torch.Size([1, 16]), weight = torch.Size([9216, 64, 1]))
performing safe broadcasting ... 
torch.Size([9216, 64])
Done

Quantization begins
Tensor shapes: (L = torch.Size([1, 16]), weight = torch.Size([9216, 64, 1]))
performing safe broadcasting ... 
torch.Size([9216, 64])
Done

Quantization begins
Tensor shapes: (L = torch.Size([1, 16]), weight = torch.Size([9216, 64, 1]))
performing safe broadcasting ... 
torch.Size([9216, 64])
Done

Quantization begins
Tensor shapes: (L = torch.Size([1, 16]), weight = torch.Size([9216, 64, 1]))
performing safe broadcasting ... 
torch.Size([9216, 64])
Done

Converting dense layer with simulated quantization
Quantization begins
Tensor shapes: (L = torch.Size([1, 16]), weight = torch.Size([36864, 64, 1]))
performing safe broadcasting ... 
torch.Size([36864, 64])
Done

Quantization begins
Tensor shapes: (L = torch.Size([1, 16]), weight = torch.Size([36864, 64, 1]))
performing safe broadcasting ... 
torch.Size([36864, 64])
Done

Quantization begins
Tensor shapes: (L = torch.Size([1, 16]), weight = torch.Size([36864, 64, 1]))
performing safe broadcasting ... 
torch.Size([36864, 64])
Done

Quantization begins
Tensor shapes: (L = torch.Size([1, 16]), weight = torch.Size([36864, 64, 1]))
performing safe broadcasting ... 
torch.Size([36864, 64])
Done

Quantization begins
Tensor shapes: (L = torch.Size([1, 16]), weight = torch.Size([36864, 64, 1]))
performing safe broadcasting ... 
torch.Size([36864, 64])
Done

Converting dense layer with simulated quantization
Quantization begins
Tensor shapes: (L = torch.Size([1, 16]), weight = torch.Size([36864, 64, 1]))
performing safe broadcasting ... 
torch.Size([36864, 64])
Done

Quantization begins
Tensor shapes: (L = torch.Size([1, 16]), weight = torch.Size([36864, 64, 1]))
performing safe broadcasting ... 
torch.Size([36864, 64])
Done

Quantization begins
Tensor shapes: (L = torch.Size([1, 16]), weight = torch.Size([36864, 64, 1]))
performing safe broadcasting ... 
torch.Size([36864, 64])
Done

Quantization begins
Tensor shapes: (L = torch.Size([1, 16]), weight = torch.Size([36864, 64, 1]))
performing safe broadcasting ... 
torch.Size([36864, 64])
Done

Quantization begins
Tensor shapes: (L = torch.Size([1, 16]), weight = torch.Size([36864, 64, 1]))
performing safe broadcasting ... 
torch.Size([36864, 64])
Done

Converting query_proj layer with simulated quantization
Quantization begins
Tensor shapes: (L = torch.Size([1, 16]), weight = torch.Size([9216, 64, 1]))
performing safe broadcasting ... 
torch.Size([9216, 64])
Done

Quantization begins
Tensor shapes: (L = torch.Size([1, 16]), weight = torch.Size([9216, 64, 1]))
performing safe broadcasting ... 
torch.Size([9216, 64])
Done

Quantization begins
Tensor shapes: (L = torch.Size([1, 16]), weight = torch.Size([9216, 64, 1]))
performing safe broadcasting ... 
torch.Size([9216, 64])
Done

Quantization begins
Tensor shapes: (L = torch.Size([1, 16]), weight = torch.Size([9216, 64, 1]))
performing safe broadcasting ... 
torch.Size([9216, 64])
Done

Quantization begins
Tensor shapes: (L = torch.Size([1, 16]), weight = torch.Size([9216, 64, 1]))
performing safe broadcasting ... 
torch.Size([9216, 64])
Done

Converting key_proj layer with simulated quantization
Quantization begins
Tensor shapes: (L = torch.Size([1, 16]), weight = torch.Size([9216, 64, 1]))
performing safe broadcasting ... 
torch.Size([9216, 64])
Done

Quantization begins
Tensor shapes: (L = torch.Size([1, 16]), weight = torch.Size([9216, 64, 1]))
performing safe broadcasting ... 
torch.Size([9216, 64])
Done

Quantization begins
Tensor shapes: (L = torch.Size([1, 16]), weight = torch.Size([9216, 64, 1]))
performing safe broadcasting ... 
torch.Size([9216, 64])
Done

Quantization begins
Tensor shapes: (L = torch.Size([1, 16]), weight = torch.Size([9216, 64, 1]))
performing safe broadcasting ... 
torch.Size([9216, 64])
Done

Quantization begins
Tensor shapes: (L = torch.Size([1, 16]), weight = torch.Size([9216, 64, 1]))
performing safe broadcasting ... 
torch.Size([9216, 64])
Done

Converting value_proj layer with simulated quantization
Quantization begins
Tensor shapes: (L = torch.Size([1, 16]), weight = torch.Size([9216, 64, 1]))
performing safe broadcasting ... 
torch.Size([9216, 64])
Done

Quantization begins
Tensor shapes: (L = torch.Size([1, 16]), weight = torch.Size([9216, 64, 1]))
performing safe broadcasting ... 
torch.Size([9216, 64])
Done

Quantization begins
Tensor shapes: (L = torch.Size([1, 16]), weight = torch.Size([9216, 64, 1]))
performing safe broadcasting ... 
torch.Size([9216, 64])
Done

Quantization begins
Tensor shapes: (L = torch.Size([1, 16]), weight = torch.Size([9216, 64, 1]))
performing safe broadcasting ... 
torch.Size([9216, 64])
Done

Quantization begins
Tensor shapes: (L = torch.Size([1, 16]), weight = torch.Size([9216, 64, 1]))
performing safe broadcasting ... 
torch.Size([9216, 64])
Done

Converting dense layer with simulated quantization
Quantization begins
Tensor shapes: (L = torch.Size([1, 16]), weight = torch.Size([9216, 64, 1]))
performing safe broadcasting ... 
torch.Size([9216, 64])
Done

Quantization begins
Tensor shapes: (L = torch.Size([1, 16]), weight = torch.Size([9216, 64, 1]))
performing safe broadcasting ... 
torch.Size([9216, 64])
Done

Quantization begins
Tensor shapes: (L = torch.Size([1, 16]), weight = torch.Size([9216, 64, 1]))
performing safe broadcasting ... 
torch.Size([9216, 64])
Done

Quantization begins
Tensor shapes: (L = torch.Size([1, 16]), weight = torch.Size([9216, 64, 1]))
performing safe broadcasting ... 
torch.Size([9216, 64])
Done

Quantization begins
Tensor shapes: (L = torch.Size([1, 16]), weight = torch.Size([9216, 64, 1]))
performing safe broadcasting ... 
torch.Size([9216, 64])
Done

Converting dense layer with simulated quantization
Quantization begins
Tensor shapes: (L = torch.Size([1, 16]), weight = torch.Size([36864, 64, 1]))
performing safe broadcasting ... 
torch.Size([36864, 64])
Done

Quantization begins
Tensor shapes: (L = torch.Size([1, 16]), weight = torch.Size([36864, 64, 1]))
performing safe broadcasting ... 
torch.Size([36864, 64])
Done

Quantization begins
Tensor shapes: (L = torch.Size([1, 16]), weight = torch.Size([36864, 64, 1]))
performing safe broadcasting ... 
torch.Size([36864, 64])
Done

Quantization begins
Tensor shapes: (L = torch.Size([1, 16]), weight = torch.Size([36864, 64, 1]))
performing safe broadcasting ... 
torch.Size([36864, 64])
Done

Quantization begins
Tensor shapes: (L = torch.Size([1, 16]), weight = torch.Size([36864, 64, 1]))
performing safe broadcasting ... 
torch.Size([36864, 64])
Done

Converting dense layer with simulated quantization
Quantization begins
Tensor shapes: (L = torch.Size([1, 16]), weight = torch.Size([36864, 64, 1]))
performing safe broadcasting ... 
torch.Size([36864, 64])
Done

Quantization begins
Tensor shapes: (L = torch.Size([1, 16]), weight = torch.Size([36864, 64, 1]))
performing safe broadcasting ... 
torch.Size([36864, 64])
Done

Quantization begins
Tensor shapes: (L = torch.Size([1, 16]), weight = torch.Size([36864, 64, 1]))
performing safe broadcasting ... 
torch.Size([36864, 64])
Done

Quantization begins
Tensor shapes: (L = torch.Size([1, 16]), weight = torch.Size([36864, 64, 1]))
performing safe broadcasting ... 
torch.Size([36864, 64])
Done

Quantization begins
Tensor shapes: (L = torch.Size([1, 16]), weight = torch.Size([36864, 64, 1]))
performing safe broadcasting ... 
torch.Size([36864, 64])
Done

Converting query_proj layer with simulated quantization
Quantization begins
Tensor shapes: (L = torch.Size([1, 16]), weight = torch.Size([9216, 64, 1]))
performing safe broadcasting ... 
torch.Size([9216, 64])
Done

Quantization begins
Tensor shapes: (L = torch.Size([1, 16]), weight = torch.Size([9216, 64, 1]))
performing safe broadcasting ... 
torch.Size([9216, 64])
Done

Quantization begins
Tensor shapes: (L = torch.Size([1, 16]), weight = torch.Size([9216, 64, 1]))
performing safe broadcasting ... 
torch.Size([9216, 64])
Done

Quantization begins
Tensor shapes: (L = torch.Size([1, 16]), weight = torch.Size([9216, 64, 1]))
performing safe broadcasting ... 
torch.Size([9216, 64])
Done

Quantization begins
Tensor shapes: (L = torch.Size([1, 16]), weight = torch.Size([9216, 64, 1]))
performing safe broadcasting ... 
torch.Size([9216, 64])
Done

Converting key_proj layer with simulated quantization
Quantization begins
Tensor shapes: (L = torch.Size([1, 16]), weight = torch.Size([9216, 64, 1]))
performing safe broadcasting ... 
torch.Size([9216, 64])
Done

Quantization begins
Tensor shapes: (L = torch.Size([1, 16]), weight = torch.Size([9216, 64, 1]))
performing safe broadcasting ... 
torch.Size([9216, 64])
Done

Quantization begins
Tensor shapes: (L = torch.Size([1, 16]), weight = torch.Size([9216, 64, 1]))
performing safe broadcasting ... 
torch.Size([9216, 64])
Done

Quantization begins
Tensor shapes: (L = torch.Size([1, 16]), weight = torch.Size([9216, 64, 1]))
performing safe broadcasting ... 
torch.Size([9216, 64])
Done

Quantization begins
Tensor shapes: (L = torch.Size([1, 16]), weight = torch.Size([9216, 64, 1]))
performing safe broadcasting ... 
torch.Size([9216, 64])
Done

Converting value_proj layer with simulated quantization
Quantization begins
Tensor shapes: (L = torch.Size([1, 16]), weight = torch.Size([9216, 64, 1]))
performing safe broadcasting ... 
torch.Size([9216, 64])
Done

Quantization begins
Tensor shapes: (L = torch.Size([1, 16]), weight = torch.Size([9216, 64, 1]))
performing safe broadcasting ... 
torch.Size([9216, 64])
Done

Quantization begins
Tensor shapes: (L = torch.Size([1, 16]), weight = torch.Size([9216, 64, 1]))
performing safe broadcasting ... 
torch.Size([9216, 64])
Done

Quantization begins
Tensor shapes: (L = torch.Size([1, 16]), weight = torch.Size([9216, 64, 1]))
performing safe broadcasting ... 
torch.Size([9216, 64])
Done

Quantization begins
Tensor shapes: (L = torch.Size([1, 16]), weight = torch.Size([9216, 64, 1]))
performing safe broadcasting ... 
torch.Size([9216, 64])
Done

Converting dense layer with simulated quantization
Quantization begins
Tensor shapes: (L = torch.Size([1, 16]), weight = torch.Size([9216, 64, 1]))
performing safe broadcasting ... 
torch.Size([9216, 64])
Done

Quantization begins
Tensor shapes: (L = torch.Size([1, 16]), weight = torch.Size([9216, 64, 1]))
performing safe broadcasting ... 
torch.Size([9216, 64])
Done

Quantization begins
Tensor shapes: (L = torch.Size([1, 16]), weight = torch.Size([9216, 64, 1]))
performing safe broadcasting ... 
torch.Size([9216, 64])
Done

Quantization begins
Tensor shapes: (L = torch.Size([1, 16]), weight = torch.Size([9216, 64, 1]))
performing safe broadcasting ... 
torch.Size([9216, 64])
Done

Quantization begins
Tensor shapes: (L = torch.Size([1, 16]), weight = torch.Size([9216, 64, 1]))
performing safe broadcasting ... 
torch.Size([9216, 64])
Done

Converting dense layer with simulated quantization
Quantization begins
Tensor shapes: (L = torch.Size([1, 16]), weight = torch.Size([36864, 64, 1]))
performing safe broadcasting ... 
torch.Size([36864, 64])
Done

Quantization begins
Tensor shapes: (L = torch.Size([1, 16]), weight = torch.Size([36864, 64, 1]))
performing safe broadcasting ... 
torch.Size([36864, 64])
Done

Quantization begins
Tensor shapes: (L = torch.Size([1, 16]), weight = torch.Size([36864, 64, 1]))
performing safe broadcasting ... 
torch.Size([36864, 64])
Done

Quantization begins
Tensor shapes: (L = torch.Size([1, 16]), weight = torch.Size([36864, 64, 1]))
performing safe broadcasting ... 
torch.Size([36864, 64])
Done

Quantization begins
Tensor shapes: (L = torch.Size([1, 16]), weight = torch.Size([36864, 64, 1]))
performing safe broadcasting ... 
torch.Size([36864, 64])
Done

Converting dense layer with simulated quantization
Quantization begins
Tensor shapes: (L = torch.Size([1, 16]), weight = torch.Size([36864, 64, 1]))
performing safe broadcasting ... 
torch.Size([36864, 64])
Done

Quantization begins
Tensor shapes: (L = torch.Size([1, 16]), weight = torch.Size([36864, 64, 1]))
performing safe broadcasting ... 
torch.Size([36864, 64])
Done

Quantization begins
Tensor shapes: (L = torch.Size([1, 16]), weight = torch.Size([36864, 64, 1]))
performing safe broadcasting ... 
torch.Size([36864, 64])
Done

Quantization begins
Tensor shapes: (L = torch.Size([1, 16]), weight = torch.Size([36864, 64, 1]))
performing safe broadcasting ... 
torch.Size([36864, 64])
Done

Quantization begins
Tensor shapes: (L = torch.Size([1, 16]), weight = torch.Size([36864, 64, 1]))
performing safe broadcasting ... 
torch.Size([36864, 64])
Done

LoftQ - Total parameters: 189,815,042
LoftQ - Trainable parameters: 5,900,546 (3.11%)
Training model...
  0%|          | 0/234 [00:00<?, ?it/s]  0%|          | 1/234 [00:01<06:47,  1.75s/it]  1%|          | 2/234 [00:02<04:55,  1.28s/it]  1%|         | 3/234 [00:03<04:19,  1.12s/it]  2%|         | 4/234 [00:04<04:02,  1.05s/it]  2%|         | 5/234 [00:05<03:52,  1.01s/it]  3%|         | 6/234 [00:06<03:45,  1.01it/s]  3%|         | 7/234 [00:07<03:41,  1.02it/s]  3%|         | 8/234 [00:08<03:38,  1.04it/s]  4%|         | 9/234 [00:09<03:36,  1.04it/s]  4%|         | 10/234 [00:10<03:34,  1.05it/s]  5%|         | 11/234 [00:11<03:32,  1.05it/s]  5%|         | 12/234 [00:12<03:31,  1.05it/s]  6%|         | 13/234 [00:13<03:30,  1.05it/s]  6%|         | 14/234 [00:14<03:28,  1.05it/s]  6%|         | 15/234 [00:14<03:27,  1.05it/s]  7%|         | 16/234 [00:15<03:26,  1.05it/s]  7%|         | 17/234 [00:16<03:25,  1.05it/s]  8%|         | 18/234 [00:17<03:24,  1.05it/s]  8%|         | 19/234 [00:18<03:23,  1.05it/s]  9%|         | 20/234 [00:19<03:22,  1.05it/s]  9%|         | 21/234 [00:20<03:21,  1.05it/s]  9%|         | 22/234 [00:21<03:21,  1.05it/s] 10%|         | 23/234 [00:22<03:20,  1.05it/s] 10%|         | 24/234 [00:23<03:19,  1.05it/s] 11%|         | 25/234 [00:24<03:18,  1.05it/s] 11%|         | 26/234 [00:25<03:17,  1.05it/s] 12%|        | 27/234 [00:26<03:16,  1.05it/s] 12%|        | 28/234 [00:27<03:15,  1.05it/s] 12%|        | 29/234 [00:28<03:14,  1.05it/s] 13%|        | 30/234 [00:29<03:14,  1.05it/s] 13%|        | 31/234 [00:30<03:13,  1.05it/s] 14%|        | 32/234 [00:31<03:12,  1.05it/s] 14%|        | 33/234 [00:32<03:11,  1.05it/s] 15%|        | 34/234 [00:33<03:10,  1.05it/s] 15%|        | 35/234 [00:33<03:09,  1.05it/s] 15%|        | 36/234 [00:34<03:08,  1.05it/s] 16%|        | 37/234 [00:35<03:07,  1.05it/s] 16%|        | 38/234 [00:36<03:06,  1.05it/s] 17%|        | 39/234 [00:37<03:06,  1.05it/s] 17%|        | 40/234 [00:38<03:05,  1.05it/s] 18%|        | 41/234 [00:39<03:04,  1.05it/s] 18%|        | 42/234 [00:40<03:03,  1.05it/s] 18%|        | 43/234 [00:41<03:02,  1.05it/s] 19%|        | 44/234 [00:42<03:01,  1.05it/s] 19%|        | 45/234 [00:43<03:00,  1.05it/s] 20%|        | 46/234 [00:44<02:59,  1.05it/s] 20%|        | 47/234 [00:45<02:58,  1.05it/s] 21%|        | 48/234 [00:46<02:57,  1.05it/s] 21%|        | 49/234 [00:47<02:56,  1.05it/s] 21%|       | 50/234 [00:48<02:56,  1.05it/s] 22%|       | 51/234 [00:49<02:54,  1.05it/s] 22%|       | 52/234 [00:50<02:54,  1.05it/s] 23%|       | 53/234 [00:51<02:53,  1.04it/s] 23%|       | 54/234 [00:52<02:52,  1.04it/s] 24%|       | 55/234 [00:53<02:51,  1.04it/s] 24%|       | 56/234 [00:54<02:50,  1.04it/s] 24%|       | 57/234 [00:55<02:49,  1.04it/s] 25%|       | 58/234 [00:55<02:48,  1.04it/s] 25%|       | 59/234 [00:56<02:47,  1.04it/s] 26%|       | 60/234 [00:57<02:47,  1.04it/s] 26%|       | 61/234 [00:58<02:47,  1.03it/s] 26%|       | 62/234 [00:59<02:45,  1.04it/s] 27%|       | 63/234 [01:00<02:45,  1.03it/s] 27%|       | 64/234 [01:01<02:44,  1.03it/s] 28%|       | 65/234 [01:02<02:44,  1.03it/s] 28%|       | 66/234 [01:03<02:42,  1.03it/s] 29%|       | 67/234 [01:04<02:43,  1.02it/s] 29%|       | 68/234 [01:05<02:44,  1.01it/s] 29%|       | 69/234 [01:06<02:42,  1.02it/s] 30%|       | 70/234 [01:07<02:40,  1.02it/s] 30%|       | 71/234 [01:08<02:38,  1.03it/s] 31%|       | 72/234 [01:09<02:39,  1.02it/s] 31%|       | 73/234 [01:10<02:40,  1.01it/s] 32%|      | 74/234 [01:11<02:39,  1.00it/s] 32%|      | 75/234 [01:12<02:37,  1.01it/s] 32%|      | 76/234 [01:13<02:36,  1.01it/s] 33%|      | 77/234 [01:14<02:34,  1.02it/s] 33%|      | 78/234 [01:15<02:26,  1.07it/s] 34%|      | 79/234 [01:16<02:27,  1.05it/s] 34%|      | 80/234 [01:17<02:29,  1.03it/s] 35%|      | 81/234 [01:18<02:31,  1.01it/s] 35%|      | 82/234 [01:19<02:31,  1.00it/s] 35%|      | 83/234 [01:20<02:31,  1.00s/it] 36%|      | 84/234 [01:21<02:31,  1.01s/it] 36%|      | 85/234 [01:22<02:31,  1.02s/it] 37%|      | 86/234 [01:23<02:30,  1.02s/it] 37%|      | 87/234 [01:24<02:29,  1.02s/it] 38%|      | 88/234 [01:25<02:29,  1.02s/it] 38%|      | 89/234 [01:26<02:28,  1.02s/it] 38%|      | 90/234 [01:27<02:27,  1.02s/it] 39%|      | 91/234 [01:28<02:26,  1.02s/it] 39%|      | 92/234 [01:29<02:25,  1.02s/it] 40%|      | 93/234 [01:30<02:24,  1.02s/it] 40%|      | 94/234 [01:31<02:23,  1.02s/it] 41%|      | 95/234 [01:32<02:22,  1.02s/it] 41%|      | 96/234 [01:33<02:20,  1.02s/it] 41%|     | 97/234 [01:34<02:19,  1.02s/it] 42%|     | 98/234 [01:35<02:17,  1.01s/it] 42%|     | 99/234 [01:36<02:15,  1.00s/it] 43%|     | 100/234 [01:37<02:13,  1.00it/s] 43%|     | 101/234 [01:38<02:11,  1.01it/s] 44%|     | 102/234 [01:39<02:10,  1.01it/s] 44%|     | 103/234 [01:40<02:10,  1.00it/s] 44%|     | 104/234 [01:41<02:10,  1.01s/it] 45%|     | 105/234 [01:42<02:10,  1.01s/it] 45%|     | 106/234 [01:43<02:08,  1.01s/it] 46%|     | 107/234 [01:44<02:08,  1.01s/it] 46%|     | 108/234 [01:45<02:06,  1.01s/it] 47%|     | 109/234 [01:46<02:05,  1.00s/it] 47%|     | 110/234 [01:47<02:03,  1.01it/s] 47%|     | 111/234 [01:48<02:01,  1.01it/s] 48%|     | 112/234 [01:49<02:01,  1.00it/s] 48%|     | 113/234 [01:50<02:01,  1.01s/it] 49%|     | 114/234 [01:51<02:01,  1.01s/it] 49%|     | 115/234 [01:52<02:00,  1.01s/it] 50%|     | 116/234 [01:53<02:00,  1.02s/it] 50%|     | 117/234 [01:54<01:59,  1.02s/it] 50%|     | 118/234 [01:55<01:58,  1.02s/it] 51%|     | 119/234 [01:56<01:56,  1.01s/it] 51%|    | 120/234 [01:57<01:55,  1.01s/it] 52%|    | 121/234 [01:58<01:54,  1.01s/it] 52%|    | 122/234 [01:59<01:53,  1.01s/it] 53%|    | 123/234 [02:00<01:51,  1.00s/it] 53%|    | 124/234 [02:01<01:49,  1.01it/s] 53%|    | 125/234 [02:02<01:48,  1.01it/s] 54%|    | 126/234 [02:03<01:48,  1.00s/it] 54%|    | 127/234 [02:04<01:47,  1.01s/it] 55%|    | 128/234 [02:06<01:47,  1.01s/it] 55%|    | 129/234 [02:07<01:46,  1.02s/it] 56%|    | 130/234 [02:08<01:45,  1.02s/it] 56%|    | 131/234 [02:09<01:44,  1.02s/it] 56%|    | 132/234 [02:10<01:42,  1.01s/it] 57%|    | 133/234 [02:11<01:40,  1.00it/s] 57%|    | 134/234 [02:11<01:38,  1.01it/s] 58%|    | 135/234 [02:12<01:37,  1.02it/s] 58%|    | 136/234 [02:13<01:37,  1.01it/s] 59%|    | 137/234 [02:15<01:37,  1.00s/it] 59%|    | 138/234 [02:16<01:37,  1.01s/it] 59%|    | 139/234 [02:17<01:36,  1.02s/it] 60%|    | 140/234 [02:18<01:35,  1.02s/it] 60%|    | 141/234 [02:19<01:34,  1.02s/it] 61%|    | 142/234 [02:20<01:33,  1.02s/it] 61%|    | 143/234 [02:21<01:32,  1.02s/it] 62%|   | 144/234 [02:22<01:32,  1.02s/it] 62%|   | 145/234 [02:23<01:30,  1.02s/it] 62%|   | 146/234 [02:24<01:29,  1.02s/it] 63%|   | 147/234 [02:25<01:29,  1.02s/it] 63%|   | 148/234 [02:26<01:27,  1.02s/it] 64%|   | 149/234 [02:27<01:26,  1.02s/it] 64%|   | 150/234 [02:28<01:25,  1.02s/it] 65%|   | 151/234 [02:29<01:24,  1.02s/it] 65%|   | 152/234 [02:30<01:23,  1.02s/it] 65%|   | 153/234 [02:31<01:22,  1.02s/it] 66%|   | 154/234 [02:32<01:21,  1.02s/it] 66%|   | 155/234 [02:33<01:21,  1.03s/it] 67%|   | 156/234 [02:34<01:16,  1.02it/s] 67%|   | 157/234 [02:35<01:16,  1.01it/s] 68%|   | 158/234 [02:36<01:15,  1.01it/s] 68%|   | 159/234 [02:37<01:14,  1.00it/s] 68%|   | 160/234 [02:38<01:14,  1.01s/it] 69%|   | 161/234 [02:39<01:13,  1.01s/it] 69%|   | 162/234 [02:40<01:13,  1.01s/it] 70%|   | 163/234 [02:41<01:12,  1.02s/it] 70%|   | 164/234 [02:42<01:11,  1.02s/it] 71%|   | 165/234 [02:43<01:10,  1.02s/it] 71%|   | 166/234 [02:44<01:09,  1.02s/it] 71%|  | 167/234 [02:45<01:08,  1.02s/it] 72%|  | 168/234 [02:46<01:07,  1.02s/it] 72%|  | 169/234 [02:47<01:06,  1.02s/it] 73%|  | 170/234 [02:48<01:04,  1.01s/it] 73%|  | 171/234 [02:49<01:03,  1.01s/it] 74%|  | 172/234 [02:50<01:02,  1.01s/it] 74%|  | 173/234 [02:51<01:01,  1.01s/it] 74%|  | 174/234 [02:52<01:00,  1.01s/it] 75%|  | 175/234 [02:53<00:59,  1.00s/it] 75%|  | 176/234 [02:54<00:57,  1.00it/s] 76%|  | 177/234 [02:55<00:56,  1.00it/s] 76%|  | 178/234 [02:56<00:56,  1.01s/it] 76%|  | 179/234 [02:57<00:55,  1.01s/it] 77%|  | 180/234 [02:58<00:54,  1.01s/it] 77%|  | 181/234 [02:59<00:53,  1.02s/it] 78%|  | 182/234 [03:00<00:53,  1.02s/it] 78%|  | 183/234 [03:01<00:52,  1.02s/it] 79%|  | 184/234 [03:02<00:51,  1.02s/it] 79%|  | 185/234 [03:03<00:50,  1.02s/it] 79%|  | 186/234 [03:04<00:49,  1.02s/it] 80%|  | 187/234 [03:05<00:48,  1.02s/it] 80%|  | 188/234 [03:06<00:46,  1.02s/it] 81%|  | 189/234 [03:07<00:45,  1.02s/it] 81%|  | 190/234 [03:08<00:44,  1.02s/it] 82%| | 191/234 [03:09<00:43,  1.01s/it] 82%| | 192/234 [03:10<00:42,  1.01s/it] 82%| | 193/234 [03:11<00:41,  1.01s/it] 83%| | 194/234 [03:12<00:40,  1.02s/it] 83%| | 195/234 [03:13<00:39,  1.01s/it] 84%| | 196/234 [03:14<00:38,  1.01s/it] 84%| | 197/234 [03:15<00:37,  1.02s/it] 85%| | 198/234 [03:16<00:36,  1.01s/it] 85%| | 199/234 [03:17<00:35,  1.00s/it] 85%| | 200/234 [03:18<00:33,  1.01it/s] 86%| | 201/234 [03:19<00:33,  1.00s/it] 86%| | 202/234 [03:20<00:32,  1.01s/it] 87%| | 203/234 [03:21<00:31,  1.02s/it] 87%| | 204/234 [03:23<00:30,  1.02s/it] 88%| | 205/234 [03:24<00:29,  1.02s/it] 88%| | 206/234 [03:25<00:28,  1.02s/it] 88%| | 207/234 [03:26<00:27,  1.02s/it] 89%| | 208/234 [03:27<00:26,  1.02s/it] 89%| | 209/234 [03:28<00:25,  1.02s/it] 90%| | 210/234 [03:29<00:24,  1.02s/it] 90%| | 211/234 [03:30<00:23,  1.02s/it] 91%| | 212/234 [03:31<00:22,  1.01s/it] 91%| | 213/234 [03:32<00:21,  1.02s/it] 91%|| 214/234 [03:33<00:20,  1.02s/it] 92%|| 215/234 [03:34<00:19,  1.02s/it] 92%|| 216/234 [03:35<00:18,  1.02s/it] 93%|| 217/234 [03:36<00:17,  1.03s/it] 93%|| 218/234 [03:37<00:16,  1.03s/it] 94%|| 219/234 [03:38<00:15,  1.03s/it] 94%|| 220/234 [03:39<00:14,  1.03s/it] 94%|| 221/234 [03:40<00:13,  1.03s/it] 95%|| 222/234 [03:41<00:12,  1.03s/it] 95%|| 223/234 [03:42<00:11,  1.03s/it] 96%|| 224/234 [03:43<00:10,  1.02s/it] 96%|| 225/234 [03:44<00:09,  1.02s/it] 97%|| 226/234 [03:45<00:08,  1.02s/it] 97%|| 227/234 [03:46<00:07,  1.02s/it] 97%|| 228/234 [03:47<00:06,  1.02s/it] 98%|| 229/234 [03:48<00:05,  1.02s/it] 98%|| 230/234 [03:49<00:04,  1.02s/it] 99%|| 231/234 [03:50<00:03,  1.02s/it] 99%|| 232/234 [03:51<00:02,  1.02s/it]100%|| 233/234 [03:52<00:01,  1.02s/it]100%|| 234/234 [03:53<00:00,  1.04it/s]WARNING:root:Saving quantized model
                                                 100%|| 234/234 [03:54<00:00,  1.04it/s]100%|| 234/234 [03:54<00:00,  1.00s/it]
{'train_runtime': 234.9971, 'train_samples_per_second': 31.788, 'train_steps_per_second': 0.996, 'train_loss': 0.6739981887686965, 'epoch': 3.0}
Evaluating model...
  0%|          | 0/35 [00:00<?, ?it/s]  6%|         | 2/35 [00:00<00:02, 16.34it/s] 11%|        | 4/35 [00:00<00:02, 10.36it/s] 17%|        | 6/35 [00:00<00:03,  9.34it/s] 23%|       | 8/35 [00:00<00:03,  8.86it/s] 26%|       | 9/35 [00:00<00:02,  8.73it/s] 29%|       | 10/35 [00:01<00:02,  8.61it/s] 31%|      | 11/35 [00:01<00:02,  8.51it/s] 34%|      | 12/35 [00:01<00:02,  8.42it/s] 37%|      | 13/35 [00:01<00:02,  8.37it/s] 40%|      | 14/35 [00:01<00:02,  8.33it/s] 43%|     | 15/35 [00:01<00:02,  8.36it/s] 46%|     | 16/35 [00:01<00:02,  8.37it/s] 49%|     | 17/35 [00:01<00:02,  8.36it/s] 51%|    | 18/35 [00:02<00:02,  8.36it/s] 54%|    | 19/35 [00:02<00:01,  8.35it/s] 57%|    | 20/35 [00:02<00:01,  8.36it/s] 60%|    | 21/35 [00:02<00:01,  8.33it/s] 63%|   | 22/35 [00:02<00:01,  8.33it/s] 66%|   | 23/35 [00:02<00:01,  8.29it/s] 69%|   | 24/35 [00:02<00:01,  8.27it/s] 71%|  | 25/35 [00:02<00:01,  8.23it/s] 74%|  | 26/35 [00:03<00:01,  8.22it/s] 77%|  | 27/35 [00:03<00:00,  8.22it/s] 80%|  | 28/35 [00:03<00:00,  8.21it/s] 83%| | 29/35 [00:03<00:00,  8.21it/s] 86%| | 30/35 [00:03<00:00,  8.20it/s] 89%| | 31/35 [00:03<00:00,  8.22it/s] 91%|| 32/35 [00:03<00:00,  8.29it/s] 94%|| 33/35 [00:03<00:00,  8.35it/s] 97%|| 34/35 [00:03<00:00,  8.41it/s]WARNING:evaluate.loading:Using the latest cached version of the module from /scratch/cjm1n19/huggingface/modules/evaluate_modules/metrics/evaluate-metric--glue/05234ba7acc44554edcca0978db5fa3bc600eeee66229abe79ff9887eacaf3ed (last modified on Wed Apr 23 17:11:50 2025) since it couldn't be found locally at evaluate-metric--glue, or remotely on the Hugging Face Hub.
100%|| 35/35 [00:05<00:00,  6.10it/s]
WARNING:root:Saving quantized model
Validation Matched Results: {'eval_loss': 0.643532931804657, 'eval_accuracy': 0.6462093862815884, 'eval_runtime': 5.8639, 'eval_samples_per_second': 47.238, 'eval_steps_per_second': 5.969, 'epoch': 3.0}
Saving final fine-tuned model...
Process completed!
==============================================================================
Running epilogue script on pink51.

Submit time  : 2025-05-03T14:24:38
Start time   : 2025-05-03T14:25:23
End time     : 2025-05-03T14:31:47
Elapsed time : 00:06:24 (Timelimit=10:00:00)

Job ID: 7363999
Cluster: i5
User/Group: cjm1n19/fp
State: COMPLETED (exit code 0)
Nodes: 1
Cores per node: 16
CPU Utilized: 00:04:57
CPU Efficiency: 4.83% of 01:42:24 core-walltime
Job Wall-clock time: 00:06:24
Memory Utilized: 9.49 GB
Memory Efficiency: 0.00% of 16.00 B

