Running SLURM prolog script on pink51.cluster.local
===============================================================================
Job started on Wed Apr 23 13:31:43 BST 2025
Job ID          : 7326336
Job name        : 4bit_rank16_nf2.sh
WorkDir         : /mainfs/lyceum/cjm1n19/LoftQ/scripts/cjm1n19/DeBERTaV3-base/quantization
Command         : /mainfs/lyceum/cjm1n19/LoftQ/scripts/cjm1n19/DeBERTaV3-base/quantization/4bit_rank16_nf2.sh
Partition       : lyceum
Num hosts       : 1
Num cores       : 32
Num of tasks    : 1
Hosts allocated : pink51
Job Output Follows ...
===============================================================================
python: can't open file '/mainfs/lyceum/cjm1n19/LoftQ/scripts/cjm1n19/DeBERTaV3-base/quantization/quantize_save.py': [Errno 2] No such file or directory
==============================================================================
Running epilogue script on pink51.

Submit time  : 2025-04-23T13:31:43
Start time   : 2025-04-23T13:31:43
End time     : 2025-04-23T13:31:46
Elapsed time : 00:00:03 (Timelimit=01:00:00)

Job ID: 7326336
Cluster: i5
User/Group: cjm1n19/fp
State: FAILED (exit code 2)
Nodes: 1
Cores per node: 32
CPU Utilized: 00:00:01
CPU Efficiency: 1.04% of 00:01:36 core-walltime
Job Wall-clock time: 00:00:03
Memory Utilized: 2.56 MB
Memory Efficiency: 0.00% of 16.00 B

